Traceback (most recent call last):
  File "C:\Users\adnegrau\AppData\Local\Programs\Python\Python312\Lib\site-packages\jupyter_cache\executors\utils.py", line 58, in single_nb_execution
    executenb(
  File "C:\Users\adnegrau\AppData\Local\Programs\Python\Python312\Lib\site-packages\nbclient\client.py", line 1305, in execute
    return NotebookClient(nb=nb, resources=resources, km=km, **kwargs).execute()
           ^^^^^^^^^^^^^^^^^^^^^^^^^^^^^^^^^^^^^^^^^^^^^^^^^^^^^^^^^^^^^^^^^^^^^
  File "C:\Users\adnegrau\AppData\Local\Programs\Python\Python312\Lib\site-packages\jupyter_core\utils\__init__.py", line 165, in wrapped
    return loop.run_until_complete(inner)
           ^^^^^^^^^^^^^^^^^^^^^^^^^^^^^^
  File "C:\Users\adnegrau\AppData\Local\Programs\Python\Python312\Lib\asyncio\base_events.py", line 685, in run_until_complete
    return future.result()
           ^^^^^^^^^^^^^^^
  File "C:\Users\adnegrau\AppData\Local\Programs\Python\Python312\Lib\site-packages\nbclient\client.py", line 705, in async_execute
    await self.async_execute_cell(
  File "C:\Users\adnegrau\AppData\Local\Programs\Python\Python312\Lib\site-packages\nbclient\client.py", line 1058, in async_execute_cell
    await self._check_raise_for_error(cell, cell_index, exec_reply)
  File "C:\Users\adnegrau\AppData\Local\Programs\Python\Python312\Lib\site-packages\nbclient\client.py", line 914, in _check_raise_for_error
    raise CellExecutionError.from_cell_and_msg(cell, exec_reply_content)
nbclient.exceptions.CellExecutionError: An error occurred while executing the following cell:
------------------
prefix = openai_prefix #TODO: Replace the prefix with a relevant name given your embedding model
index_name = f"{openai_prefix}-{totalNumberOfDocuments}-{chunking_size}-{chunking_overlap}"

print(retrieval_evaluation(evaluation_data_path=path_to_evaulation_dataset, embedding_function=get_query_embedding, search_index_name=index_name))
------------------


[1;31m---------------------------------------------------------------------------[0m
[1;31mTypeError[0m                                 Traceback (most recent call last)
File [1;32m~\AppData\Local\Programs\Python\Python312\Lib\site-packages\azure\search\documents\_generated\_serialization.py:812[0m, in [0;36mSerializer.serialize_data[1;34m(self, data, data_type, **kwargs)[0m
[0;32m    811[0m [38;5;28;01mif[39;00m data_type [38;5;129;01min[39;00m [38;5;28mself[39m[38;5;241m.[39mbasic_types[38;5;241m.[39mvalues():
[1;32m--> 812[0m     [38;5;28;01mreturn[39;00m [38;5;28;43mself[39;49m[38;5;241;43m.[39;49m[43mserialize_basic[49m[43m([49m[43mdata[49m[43m,[49m[43m [49m[43mdata_type[49m[43m,[49m[43m [49m[38;5;241;43m*[39;49m[38;5;241;43m*[39;49m[43mkwargs[49m[43m)[49m
[0;32m    814[0m [38;5;28;01melif[39;00m data_type [38;5;129;01min[39;00m [38;5;28mself[39m[38;5;241m.[39mserialize_type:

File [1;32m~\AppData\Local\Programs\Python\Python312\Lib\site-packages\azure\search\documents\_generated\_serialization.py:858[0m, in [0;36mSerializer.serialize_basic[1;34m(cls, data, data_type, **kwargs)[0m
[0;32m    857[0m     [38;5;28;01mreturn[39;00m [38;5;28mcls[39m[38;5;241m.[39mserialize_unicode(data)
[1;32m--> 858[0m [38;5;28;01mreturn[39;00m [38;5;28;43meval[39;49m[43m([49m[43mdata_type[49m[43m)[49m[43m([49m[43mdata[49m[43m)[49m

[1;31mTypeError[0m: float() argument must be a string or a real number, not 'list'

The above exception was the direct cause of the following exception:

[1;31mSerializationError[0m                        Traceback (most recent call last)
File [1;32m~\AppData\Local\Programs\Python\Python312\Lib\site-packages\azure\search\documents\_generated\_serialization.py:825[0m, in [0;36mSerializer.serialize_data[1;34m(self, data, data_type, **kwargs)[0m
[0;32m    824[0m     [38;5;28;01mif[39;00m iter_type [38;5;129;01min[39;00m [38;5;28mself[39m[38;5;241m.[39mserialize_type:
[1;32m--> 825[0m         [38;5;28;01mreturn[39;00m [38;5;28;43mself[39;49m[38;5;241;43m.[39;49m[43mserialize_type[49m[43m[[49m[43miter_type[49m[43m][49m[43m([49m[43mdata[49m[43m,[49m[43m [49m[43mdata_type[49m[43m[[49m[38;5;241;43m1[39;49m[43m:[49m[38;5;241;43m-[39;49m[38;5;241;43m1[39;49m[43m][49m[43m,[49m[43m [49m[38;5;241;43m*[39;49m[38;5;241;43m*[39;49m[43mkwargs[49m[43m)[49m
[0;32m    827[0m [38;5;28;01mexcept[39;00m ([38;5;167;01mValueError[39;00m, [38;5;167;01mTypeError[39;00m) [38;5;28;01mas[39;00m err:

File [1;32m~\AppData\Local\Programs\Python\Python312\Lib\site-packages\azure\search\documents\_generated\_serialization.py:910[0m, in [0;36mSerializer.serialize_iter[1;34m(self, data, iter_type, div, **kwargs)[0m
[0;32m    909[0m [38;5;28;01mtry[39;00m:
[1;32m--> 910[0m     serialized[38;5;241m.[39mappend([38;5;28;43mself[39;49m[38;5;241;43m.[39;49m[43mserialize_data[49m[43m([49m[43md[49m[43m,[49m[43m [49m[43miter_type[49m[43m,[49m[43m [49m[38;5;241;43m*[39;49m[38;5;241;43m*[39;49m[43mkwargs[49m[43m)[49m)
[0;32m    911[0m [38;5;28;01mexcept[39;00m [38;5;167;01mValueError[39;00m [38;5;28;01mas[39;00m err:

File [1;32m~\AppData\Local\Programs\Python\Python312\Lib\site-packages\azure\search\documents\_generated\_serialization.py:829[0m, in [0;36mSerializer.serialize_data[1;34m(self, data, data_type, **kwargs)[0m
[0;32m    828[0m     msg [38;5;241m=[39m [38;5;124m"[39m[38;5;124mUnable to serialize value: [39m[38;5;132;01m{!r}[39;00m[38;5;124m as type: [39m[38;5;132;01m{!r}[39;00m[38;5;124m.[39m[38;5;124m"[39m
[1;32m--> 829[0m     [38;5;28;01mraise[39;00m SerializationError(msg[38;5;241m.[39mformat(data, data_type)) [38;5;28;01mfrom[39;00m [38;5;21;01merr[39;00m
[0;32m    830[0m [38;5;28;01melse[39;00m:

[1;31mSerializationError[0m: Unable to serialize value: [0.019998642, -0.01300538, -0.013909981, -0.032064628, -0.022267101, 0.0204579, 0.00045012598, -0.009853193, -0.022086183, -0.00672884, 0.010806503, 0.005528504, -0.013659475, 0.0024215474, 0.007115035, 0.015461719, 0.015406051, -0.015600888, -0.0071950573, -0.020666653, -0.017604927, -0.0069062808, 0.011377097, 0.00029943165, 0.008009198, -0.014557118, -0.0032113336, -0.007918738, 0.00418204, -0.015016377, 0.02950391, 0.004481254, -0.024465978, -0.021195497, 0.013645559, 0.011467557, 0.0065166065, -0.002823399, -0.011112676, -0.028919399, 0.020485735, 0.019762052, 0.0086841695, -0.0019135791, -0.005246686, 0.01182244, -0.022907281, -0.018495612, -0.014160485, 0.012232989, -0.0039524105, 0.0075847316, -0.02928124, 0.0012751395, 0.014417948, 0.009512228, -0.012594829, -0.005824239, 0.014306613, -0.022670694, 0.021626923, -0.005949491, -0.01805027, -0.0033852954, -0.030617265, 0.003068685, -0.006391354, 0.022308853, -0.0029625683, -0.013951731, 0.019414129, 0.029782249, -0.0119964015, -0.0016108856, 0.020082142, -0.026497852, -0.014751955, -0.022990784, 0.024632981, 0.009825359, 0.012260823, -7.5727716e-05, -0.037353065, 0.015030294, 0.012170363, 0.0028251386, 0.03654588, 0.016602907, -0.015433885, -0.020833658, 0.007438604, 0.004756114, 0.020304814, 0.010535123, -0.0060225553, 0.019901222, -0.0030495492, 0.023477875, 0.0065548783, -0.0068888846, -0.017855432, 0.02354746, -0.019984724, -0.0170065, -0.024758235, -0.026386516, 0.0096444385, 0.0019118395, 0.024326809, -0.0025433206, -0.046760913, 0.006805383, -0.010883046, -0.009630522, -0.01068125, -0.00972794, 0.03122961, -0.020068226, -0.022169683, 0.0033887746, 0.019428046, 0.009672272, 0.034207836, -0.009310432, 0.00827362, -0.00021560382, -0.008377997, -0.010688209, 0.014891124, -0.043699186, 0.03849425, 0.021432085, -0.01614365, 0.0104446625, -0.022489773, 0.020666653, -0.009275639, 0.023450041, 0.0033731181, 0.010096739, 0.015294716, 0.023213454, 0.009073844, -0.011738937, -0.00145432, 0.031591453, 0.0019466318, -0.009129512, -0.011711104, 0.0017196117, 0.0051075164, 0.0034757555, -0.015266881, 0.0046656537, 0.019080123, -0.01254612, -0.0013351563, 0.0074803545, -0.0035575174, -0.025133992, 0.006179121, 0.009887985, -0.0053615007, -0.00026116005, -0.022211434, 0.012309533, 0.03532119, -0.015419968, -5.180798e-05, 0.010208075, -0.013562057, -0.0005436304, -0.009908861, 0.023213454, 0.010736918, 0.021752175, 0.007904821, -0.022879448, -0.008322329, -0.020972827, 0.027889546, -0.004860491, -0.012504369, 6.219132e-05, -0.012699206, -0.0025085283, 0.028696727, 0.008691128, -0.018008519, -0.0002533318, 0.005260603, 0.012921877, 0.009707064, -0.0026024675, -0.64797264, -0.018398194, 0.0025624563, -0.029253405, 0.020263063, 0.014598869, 0.02250369, 0.035516027, -0.022308853, 0.035349023, 0.010569915, 0.0052258107, -0.029670913, -0.02936474, 0.00028203547, -0.033038814, 0.011801564, 0.0023154307, -0.02041615, -0.001263832, 0.0041159345, 0.010054988, -0.0142926965, -0.0015691349, 0.0104446625, -0.015893145, 0.0017952851, -0.027973047, -0.00067584135, 0.020471817, 0.0021292916, 0.024493812, 0.0076264823, -0.008050949, 0.037019055, -0.0116763115, -0.026400432, 0.027040612, -0.013429846, 0.03732523, -0.025175743, 0.016658576, 0.02326912, 0.010688209, -0.018328609, 0.00012264302, 0.0058590313, 0.00672884, -0.0038897844, 0.0076125655, 0.020402232, -0.008962508, -0.011947691, 0.003959369, 0.017660595, -0.007038492, 0.004373398, -0.03295531, 0.0007906561, 0.022016598, -0.00017265702, 0.01168327, -0.052884366, -0.018439943, -0.023380456, 0.018426027, -0.036935557, -0.00087763695, 0.005796405, 0.00091503875, 0.03309448, -0.0050901202, -0.008670253, 0.016588992, -0.012643538, 0.023964968, 0.0052710404, -0.008050949, 0.0113005545, -0.020165645, -0.00095765933, 0.0017317891, -0.017771931, -0.02655352, 0.025426246, 0.018161604, -0.025175743, -0.010653417, 0.0035175062, 0.0052988743, 0.053580213, 0.037380897, 0.0062765395, -0.016936915, -0.01727092, 0.019163625, 0.0054971906, 0.0075568976, -0.00791178, 0.0053162705, -0.0153086325, -0.0096444385, -0.002245846, 0.00012775316, 0.017479675, 0.004213353, -0.018968787, -0.011077884, 0.019664634, -0.0012168624, 0.002840795, 0.0010959589, -0.002950391, -0.00818316, 0.015127712, -0.024104137, 0.016644659, 0.021613006, -0.02422939, 0.0029173382, 0.024646899, -0.005977325, 0.022127932, -0.026024675, 0.016338486, 0.019803803, 0.011196177, -0.012754874, -0.0071185143, -0.027332868, -0.029336907, -0.023617044, -0.020847574, -0.017994601, 0.018036352, -0.013311552, 0.00053841155, -0.010472496, -0.0007419468, -0.016171483, -0.023658795, -0.01400044, 0.0108204195, -0.037158225, -0.015893145, -0.008440623, 0.005615485, 0.019205375, -0.0068436544, -0.02340829, 0.0055215457, 0.006151287, -0.01400044, 0.023575295, 0.019400213, -0.004776989, -0.015670473, -0.03223163, -0.014571035, -0.012650497, 0.019288877, -0.0018509529, -0.032342967, 0.00036792905, 0.0118363565, -0.008837256, -0.011815481, 0.0096444385, -0.02354746, -0.019066205, -0.016074065, 0.00020560103, -0.009512228, 0.0050901202, -0.004463858, -0.01773018, -0.0068262583, 0.015948812, 0.018426027, 0.005615485, -0.0018196397, 0.020430066, -0.015559138, -0.0029590891, 0.0064678974, 0.025008738, 0.022434106, 0.03637888, 0.002372838, -0.0024006718, -0.0071185143, 0.023519626, 0.015600888, 0.0032026356, -0.014724121, 0.018036352, -0.01636632, 0.024340726, 0.0019118395, 0.006600108, 0.022587191, -0.001663944, 0.029837916, -0.028348804, -0.012831418, -0.022601109, 0.0054206476, -0.036991224, 0.019024456, 0.01123097, 0.01923321, -0.017326588, 0.010945672, -0.029086402, 0.018523445, 0.010667333, 0.023171702, -0.010430746, -0.031313114, 0.017340505, 0.027416369, 0.00782132, 0.03832725, -0.012727041, -0.026261263, 0.002254544, 0.026790107, 0.026567437, 0.019344544, -0.00023202146, -0.0062939357, 0.009720982, 0.022225352, 0.011244887, 0.036128372, -0.00010367032, 0.018161604, -0.013381137, 0.0043525225, -0.0044395034, 0.017994601, 0.016491571, 0.025273161, -0.0037123433, 0.018940954, 0.011077884, 0.026122093, 0.007515147, -0.032342967, -0.014445783, -0.025607167, -0.00044512458, -0.023296956, -0.009553978, 0.0027033654, 0.02445206, 0.0026042073, 0.016352404, 0.0025537582, 0.005427606, 0.014863291, 0.025899423, 0.015266881, -0.0049753054, -0.009651397, -0.0018944433, -0.018245107, -0.009978445, 0.012393034, -0.001209034, 0.009261723, -0.0046099857, 0.022809863, 0.0028286178, 0.008259703, 0.02168259, -0.01786935, -0.0053058327, 0.006624463, 0.012135571, -0.017062167, -0.02326912, 0.024340726, 0.005406731, -0.0041159345, -0.020666653, -0.0035157667, 0.020374399, -0.020388315, 0.024716483, 0.018314691, 0.010994381, -0.023032533, 0.011578893, -0.007121993, -0.0014421428, 0.032175962, -0.0011951171, -0.0010420308, 0.011377097, -0.0075847316, -0.00043686142, -0.018342525, -0.007709984, 0.050880328, 0.005309312, -0.0048674494, -0.019149708, -0.013450721, -0.05591826, -0.0014804143, -0.022072265, -0.01813377, -0.01300538, 0.018147688, -0.024813902, -0.023617044, -0.0068019037, 0.013687309, 0.016588992, 0.009755774, -0.023630962, -0.004387315, 0.013158466, 0.07776786, 0.012038152, -1.2557863e-05, 0.010834337, -0.017507508, -0.029587412, -0.006300894, -0.024758235, 0.022100098, -0.011036132, 0.004996181, 0.0054971906, 0.01091088, -0.0001484111, 0.0075568976, -0.016380237, 0.0067531946, -0.009414809, -0.0133324275, -0.009602687, 0.017618844, 0.016449822, -0.010354202, 0.022976866, 0.034486175, 0.023756213, 0.02795913, 0.03387383, -0.015127712, -0.012288657, -0.016115814, -0.02049965, 0.0073551023, 0.028808063, -0.037436564, 0.032649137, 0.012984504, 0.03000492, 0.017020416, -0.005445002, 0.0002413719, 0.0039315354, 0.0027346786, -0.036796387, 0.031758454, 0.0012316491, -0.010493372, 0.041695148, 0.029782249, -0.01013849, -0.0037784488, 0.007904821, -0.022698527, -0.001218602, -0.001204685, -0.004432545, 0.0061930376, -0.0076125655, -0.008913799, -0.07047538, -0.028975066, 0.0069932616, 0.016129732, -0.0044395034, -0.013074964, -0.021028494, -0.022239268, -0.024619065, -0.024521645, 0.0023763173, 0.027736459, -0.025022656, -0.03682422, 0.033038814, 0.03365116, -0.0021901783, 0.010959589, 0.024493812, -0.008551959, -0.016839495, -0.012838376, -0.0064713764, 0.021877429, -0.023964968, 0.0036253626, 0.00062278303, -0.023074284, 0.005006619, -0.0014882426, 0.018036352, -0.003308752, -0.0067566736, 0.0146684535, -0.00154565, 0.027555538, 0.013694268, 0.013889105, 0.014807623, 0.021390336, -0.016115814, 0.009039052, -0.036211874, -0.019330628, -0.0073620607, -0.018843535, 0.020680571, -0.0002705105, -0.0028808063, 0.005013577, 0.0011168343, 0.025593251, -0.012337366, 0.0021205936, -0.008816381, -0.0036392794, 0.0036879887, 0.010848254, 0.007925697, -0.004105497, -0.0013525524, 0.009992362, -0.023143869, 0.007605607, -0.006537482, -0.01695083, 0.024716483, 0.00016178441, -0.029336907, -0.014237029, 0.007104597, -0.026372598, 0.011905941, -0.016060147, -0.0018526925, -0.008767671, -0.012608746, -0.0143483635, -0.0017918058, 0.013582932, -0.014216153, -0.011077884, -0.0010942193, -0.007619524, -0.03086777, -0.005027494, -0.027235448, -0.030394593, 0.010430746, 0.00272772, 0.001418658, -0.00404635, 0.013903022, -0.027764292, -0.016421989, -0.01805027, -0.016978664, -0.016978664, 0.0023032534, 0.03863342, 0.03231513, 0.014056108, -0.005246686, 0.028529724, -0.013422888, 0.0010968287, -0.012573954, -0.004846574, -0.02122333, 0.011425807, -0.008294496, 0.027694708, -0.003004319, 0.013680351, 0.012142529, 0.011314471, 0.050379317, -0.0017665814, -0.044562038, -0.013450721, -0.04767943, 0.004585631, -0.012121653, 0.003618404, 0.026664855, -0.044868212, 0.025802005, 0.010472496, -0.006478335, 0.010235908, -0.00814141, 0.01150235, 0.0018126813, 0.004004599, 0.020151727, -0.00077369483, -0.002654656, -0.006255664, -0.04442287, 0.012045111, -0.00028377507, 0.022823779, -0.02354746, 0.001654376, 0.0013647298, 0.011620644, 0.019998642, -0.022016598, 2.82416e-05, -0.009150387, 0.010855212, -0.0017935454, 0.0011003079, -0.017563177, 0.025036573, 0.016797746, -0.004185519, -0.0032878767, 0.01668641, -0.03242647, -0.007870029, 0.021807844, -0.017994601, 0.013360261, 0.012031194, 0.03281614, 0.030784268, 0.017048249, -0.0075290636, 0.0061860792, -0.01550347, 0.018314691, 0.021849593, 0.039746776, -0.023102118, -0.020249145, -0.0020527486, -0.005806843, -0.004244666, -0.009908861, 0.0021971366, -0.005577213, 0.021237249, -0.010667333, -0.010027154, -0.03365116, 0.027332868, 0.011182261, 0.016157566, -0.010375078, 0.007696067, -0.009386975, 0.0409993, -0.014007399, 0.017368339, 0.008475415, -0.011843314, -0.010827378, -0.008510208, -0.02159909, -0.0005705945, -0.009943653, -0.0024980905, -0.00445342, 0.0023884946, 0.02777821, 0.014696287, -0.0014664974, -0.0060295137, 0.0059738457, 0.02832097, 0.01714567, -0.010075863, -0.012003359, -0.017855432, 0.022768112, 0.001859651, -0.0050483695, 0.015893145, 0.014543201, -0.019789888, 0.036072705, 0.020346565, -0.031480115, -0.017827598, 0.0018039832, -0.015447802, -0.03337282, -0.024131972, 0.014849373, -0.03732523, -0.037937574, -0.014007399, 0.0062939357, 0.018815702, -0.0051701427, -0.014751955, 0.014139609, 0.03209246, -0.005451961, 0.02731895, 0.008837256, 0.01636632, -0.025885506, 0.026887525, -0.003018236, -0.027792126, 0.014417948, 0.0023015137, -0.028668894, -0.024702566, 0.011759813, 0.0019135791, -0.0052501652, -0.0063739577, 0.014529284, 0.036017038, 0.010159365, 0.007278559, -0.011439724, 0.019219292, -0.019622883, -0.026943194, 0.0221836, -0.0072298497, -0.000256811, -0.0026163845, 0.025802005, 0.021111997, 0.016171483, -0.03381816, 0.017451841, -0.001104657, 0.00054623984, -0.005117954, 0.0032704805, 0.012747915, -0.021974847, 0.024563396, 0.02095891, -0.009567895, 0.00782132, 0.012692248, 0.015072045, 0.00054710964, -0.017340505, 0.010931755, -0.037714902, -0.031313114, 0.0009341745, -0.00504489, -0.009867109, 0.01931671, 0.005660715, -0.024354642, -0.037520066, 0.004223791, -0.009887985, 0.016129732, 0.0010646458, 0.014056108, 0.01786935, 0.0039037012, -0.0036427588, 0.0044847336, -0.028474057, 0.015266881, -0.0056224433, 0.0021258125, -0.018620864, -0.012086861, -0.0022354082, -0.025996841, -0.011857232, 0.0030530284, -0.007083722, -0.014863291, 0.0123721585, 0.0143483635, 0.0010811721, -0.028975066, -0.009331307, 0.0013560317, 0.03804891, 0.0063078525, 0.020986743, -0.047206257, -0.0064261463, 0.010528164, -0.003127832, -0.02454948, 0.03095127, 0.014835456, -0.00011666309, 0.0079883225, -0.005309312, 0.0007850023, -0.012135571, 0.009588771, -0.0153086325, -0.010562956, -0.017994601, 0.0056085265, 0.01682558, -0.013624683, -0.009303474, 0.024841735, -0.004070705, -0.00795353, 0.027806044, -0.024271142, -0.0037923658, -0.019344544, -0.004373398, 0.0051701427, -0.005692028, -0.010284618, -0.001209034, -0.021000661, -0.011627602, -0.0034496612, 0.0081483675, -0.015266881, -0.013784728, -0.02304645, -0.004140289, -0.0067462362, -0.01813377, -0.015586971, -0.01195465, 0.025008738, -0.014181361, -0.03014409, -0.011070925, 0.017688429, -0.012845335, 0.02601076, 0.20530269, 0.0062974147, 2.9790946e-05, 0.042669334, 0.007014137, -0.021807844, 0.027833877, -0.0066522965, 0.009052969, 0.012873168, 0.015239048, 0.030311093, -0.0014238768, -0.0058033634, -0.009491352, -0.008712004, -0.04258583, 0.013450721, -0.01781368, 0.018843535, 0.016672492, 0.00831537, -0.0042968546, -0.018119855, 0.012810542, 0.0071393894, -0.009011217, 0.0071533066, 0.014501451, 0.007473396, -0.008851173, -0.012838376, 0.01163456, 0.027889546, 0.032064628, -0.025509749, 0.03295531, -0.026971027, 0.024298975, -0.009331307, -0.020624904, 0.0096444385, -0.007939613, 0.0018735678, -0.01300538, 0.0033400652, -0.0024389436, -0.027235448, 0.003795845, 0.021473836, -0.011126593, 0.009623563, 0.035070684, 0.004700446, -0.008106617, 0.0029921418, 0.005577213, 0.003976765, -0.0016308912, 0.0018300775, 0.012142529, 0.029587412, -0.009999321, 0.0006132151, -0.004328168, -0.011725021, 0.0027190219, -0.0170065, 0.0071672234, -0.0060782228, 0.017020416, -0.020972827, -0.012017276, 0.0003522725, -0.013054089, -0.009247806, -0.029225571, 0.019650718, 0.009296515, 0.02063882, -0.0008215343, -0.0045612766, -0.014195277, 0.008336246, 0.008649377, -0.005368459, 0.021891344, -0.003522725, 0.012295615, -0.00043707885, -0.016394153, 0.013200216, -0.027680792, -0.01722917, -0.002899942, 0.009720982, 0.0061617247, 0.03846642, -0.0019240167, -0.020708404, -0.019817721, 0.06685697, 0.0029677872, 0.016254984, -0.008120534, 0.0017674512, -0.010479455, 0.019929057, -0.013102798, -0.009922777, 0.025941174, -0.048069105, -0.009714023, 0.007647358, 0.0061304113, 0.03668505, -0.005187539, -0.015893145, -0.008447582, -0.005034453, 0.014097859, -0.0323708, -0.02122333, -0.012713123, 9.904946e-05, -0.003508808, -0.0018979225, 0.0044951714, -0.029615246, -0.0374644, 0.040303454, 3.560779e-05, 0.019998642, -0.0007280299, 0.0047943853, -0.0150442105, -4.2810894e-05, -0.013471597, 0.0017491853, 0.0013055828, 0.003837596, -0.007073284, 0.0034896724, 0.008732879, 0.014125693, -0.03445834, 0.019762052, -0.014160485, 0.0048674494, -0.0011907681, 0.0006210434, -0.014063067, 0.015670473, -0.02268461, 0.011481474, -0.013965648, -0.028668894, -0.013534223, 0.00042359682, 0.033177983, -0.018119855, -0.012733999, 0.031897623, -0.0077865273, -0.011286638, 0.0042655417, -0.18014085, 0.029670913, 0.017827598, -0.0053267083, 0.028529724, 0.018481694, 0.024424227, 0.014160485, -0.018286858, 0.0003655371, 0.00836408, -0.0091643045, -0.011335347, -0.02286553, 0.0018196397, -0.0130123375, 0.009373059, 0.025426246, -0.00046752216, 0.0003605357, 0.03122961, -0.0048709284, 0.001986643, -0.0019883825, 0.0013734279, -0.0011959869, -0.024104137, 0.032788306, 0.017827598, 0.00345488, -0.0009533103, 0.005664194, 0.009867109, -0.0010629062, -0.007487313, -0.03259347, -0.005156226, -0.02623343, -0.015433885, 0.0077447766, 0.01327676, 0.011947691, 0.022879448, 0.0067253606, -0.026289098, 0.024034552, 0.03587787, 0.005309312, -0.0043803565, -0.018537363, 0.023964968, -0.010312452, -0.01937238, -0.00056798506, 0.0014812842, -0.0023710984, 0.022795945, -0.013388095, -0.009832317, -0.014584952, -0.002437204, -0.018927036, -0.020221312, -0.0033400652, -0.0077586933, -0.0075290636, -0.013186299, 0.014557118, -0.033706825, 0.020193478, 0.009519186, -0.014007399, 0.010388995, 0.0017430966, 0.019358462, -0.011168343, -0.030979106, 0.011558018, 0.016533323, -0.015656557, 0.0026964068, 0.03122961, -0.0034861933, 0.025941174, 0.008252745, 0.009595729, 0.0006762762, 0.017618844, 0.011669353, 0.014974626, 0.026400432, -0.015280799, 0.00045056088, -0.006760153, 0.009741857, 0.021668674, 0.013283718, 9.8342745e-05, 0.025523666, -7.262902e-05, 0.001577833, 0.004359481, -0.020123893, 0.006102578, 0.037714902, 0.0014856332, -0.0023067326, 0.006902802, 0.028404472, -0.006610546, -0.03877259, 0.0014925917, 0.020610986, -0.0020127373, 0.009282598, 0.02459123, 0.020513568, -0.036657218, -0.006847134, 0.0034618385, 0.030032754, 0.008127492, -0.035265524, -0.017479675, -0.016018396, -0.014960709, -0.08611802, -0.021446003, 0.019288877, 0.0036949473, -0.023742298, 0.01937238, 0.004717842, 0.008440623, -0.02699886, 0.010131531, 0.022044431, -0.02745812, 0.0025746336, -0.0034948913, -0.010702126, -0.004957909, -0.01809202, -0.006241747, -0.006119974, -0.002713803, 0.0025746336, -0.0056259227, -0.0029625683, 0.00073672796, 0.015656557, -0.006419188, -0.0442837, 0.004759593, 0.021654757, -0.007292476, 0.034764513, -0.025899423, -0.01554522, -0.023533544, 0.0030704245, 0.007087201, -0.03373466, -0.03086777, -0.00064626784, -0.014404031, -0.010514247, -0.004846574, 0.0084684575, -0.03415217, -0.010611665, -0.013763852, -0.01786935, 0.0029991004, 0.011279679, -0.015099878, -0.012114695, -0.007939613, -0.03459751, -0.02077799, 0.01727092, 0.009574854, -0.0009646178, 0.026344765, -0.018885287, -0.007369019, -0.004596069, 0.0013699486, -0.02667877, 0.01600448, 0.022155767, 0.013909981, -0.019024456, -0.0002021218, -0.005131871, -0.03618404, 0.0024998302, 0.01596273, -0.03813241, -0.0010046291, -0.037213895, -0.0077378177, 0.016018396, -0.008419747, 0.016797746, -0.0034861933, 0.008009198, 0.0019762053, -0.017159585, -0.009122553, 0.0006097359, 0.0028581913, -0.0134368045, 0.022893364, 0.02364488, -0.03832725, 0.014696287, 0.014612786, 0.009435684, -0.0022788986, 0.0045438805, 0.022656776, -0.0131723825, -0.009491352, -0.018927036, 0.014946792, -0.020471817, 0.025300995, -0.073592775, 0.017215254, -0.010249825, 0.0098044835, 0.0022528043, -0.009574854, 0.00513883, -0.024953071, 0.012121653, 0.0036740717, -0.022475855, 0.014404031, -0.0119964015, 0.012406951, -0.033038814, 0.00031247878, 0.016519407, -0.018760033, 0.024340726, 0.005946012, -0.017034333, -0.02541233, 0.011808522, 0.009616605, -0.0042759795, 0.03028326, 0.0018074624, 0.006377437, -0.008997301, -0.011585851, -0.010827378, -0.041333307, -0.01300538, 0.04258583, -0.02468865, -0.014584952, -0.0056885486, 0.00536498, 0.012740958, 0.020346565, -0.015127712, -0.0006567055, -0.0038167203, -0.0179111, -0.019608967, 0.0037540942, -0.012038152, -0.011112676, 0.011342305, -0.00084806344, 0.02358921, 0.005511108, -0.031257443, -0.007960489, 0.021028494, -0.011286638, 0.0010089781, 0.001082042, 0.0055076284, 0.007890904, 0.013318511, 0.006721881, 0.016449822, -0.00092460663, 0.013784728, 0.021654757, 0.013374178, 0.028334888, 0.0062313094, -0.0358222, -0.021585172, 0.008336246, 0.025064407, 0.017632762, 0.010235908, -0.0016709025, 0.012650497, -0.003240907, -0.0017387476, 0.015614805, -0.0077934857, -0.00268249, -0.027694708, 0.034096498, 0.021209415, -0.011349264, -0.014598869, 0.019567216, 0.0003764097, -0.0009872329, -0.0052397274, 0.015586971, -0.0050100978, -0.016978664, -0.0028964628, -0.020986743, -0.011926817, 0.028390555, 0.026191678, 0.006224351, 0.010194157, 0.013715143, -0.006721881, -0.020694489, -0.04701142, 0.019344544, 0.012497411, -0.033929497, -0.0033818162, 0.032760475, -0.020847574, 0.0019100999, 0.016087981, 0.011787647, -0.01991514, 0.004213353, -0.027416369, -0.030422429, -0.027652957, 0.013951731, 0.0123721585, 0.014076984, -0.009400892, -0.003018236, 0.010472496, 0.006704485, 0.018147688, -0.029225571, -0.0034705366, 0.021933096, -0.011446682, -0.030784268, -0.004477775, -0.00668361, -0.015753975, 0.0040080785, 0.008238828, 0.0074038114, -0.01277575, 0.0835573, 0.025718503, -0.0106603755, -0.0025485393, -0.008614585, 0.022294937, -0.008343205, 0.0059982007, -0.017354423, -0.04308684, 0.021042412, -0.027221533, 0.0062382678, 0.0028494932, -0.013923897, -0.006415709, -0.020944992, 0.021835677, -0.0020196957, 0.0011655436, -0.0020927596, -0.008510208, -0.0048952834, 0.00022267102, -0.010625583, 0.006015597, 0.016561156, -0.04021995, -0.011745896, -0.033706825, 0.0025207056, 0.0010959589, -0.020346565, -0.027750377, -0.0069619487, 0.0027833877, 0.0029573494, 0.00090981985, 0.03418, 0.017215254, 0.007946572, -0.0030217152, -0.017048249, -0.022990784, -0.022823779, 0.009755774, 0.0012012058, -0.0138125615, -0.020346565] as type: 'float'.

The above exception was the direct cause of the following exception:

[1;31mSerializationError[0m                        Traceback (most recent call last)
File [1;32m~\AppData\Local\Programs\Python\Python312\Lib\site-packages\azure\search\documents\_generated\_serialization.py:825[0m, in [0;36mSerializer.serialize_data[1;34m(self, data, data_type, **kwargs)[0m
[0;32m    824[0m     [38;5;28;01mif[39;00m iter_type [38;5;129;01min[39;00m [38;5;28mself[39m[38;5;241m.[39mserialize_type:
[1;32m--> 825[0m         [38;5;28;01mreturn[39;00m [38;5;28;43mself[39;49m[38;5;241;43m.[39;49m[43mserialize_type[49m[43m[[49m[43miter_type[49m[43m][49m[43m([49m[43mdata[49m[43m,[49m[43m [49m[43mdata_type[49m[43m[[49m[38;5;241;43m1[39;49m[43m:[49m[38;5;241;43m-[39;49m[38;5;241;43m1[39;49m[43m][49m[43m,[49m[43m [49m[38;5;241;43m*[39;49m[38;5;241;43m*[39;49m[43mkwargs[49m[43m)[49m
[0;32m    827[0m [38;5;28;01mexcept[39;00m ([38;5;167;01mValueError[39;00m, [38;5;167;01mTypeError[39;00m) [38;5;28;01mas[39;00m err:

File [1;32m~\AppData\Local\Programs\Python\Python312\Lib\site-packages\azure\search\documents\_generated\_serialization.py:910[0m, in [0;36mSerializer.serialize_iter[1;34m(self, data, iter_type, div, **kwargs)[0m
[0;32m    909[0m [38;5;28;01mtry[39;00m:
[1;32m--> 910[0m     serialized[38;5;241m.[39mappend([38;5;28;43mself[39;49m[38;5;241;43m.[39;49m[43mserialize_data[49m[43m([49m[43md[49m[43m,[49m[43m [49m[43miter_type[49m[43m,[49m[43m [49m[38;5;241;43m*[39;49m[38;5;241;43m*[39;49m[43mkwargs[49m[43m)[49m)
[0;32m    911[0m [38;5;28;01mexcept[39;00m [38;5;167;01mValueError[39;00m [38;5;28;01mas[39;00m err:

File [1;32m~\AppData\Local\Programs\Python\Python312\Lib\site-packages\azure\search\documents\_generated\_serialization.py:831[0m, in [0;36mSerializer.serialize_data[1;34m(self, data, data_type, **kwargs)[0m
[0;32m    830[0m [38;5;28;01melse[39;00m:
[1;32m--> 831[0m     [38;5;28;01mreturn[39;00m [38;5;28;43mself[39;49m[38;5;241;43m.[39;49m[43m_serialize[49m[43m([49m[43mdata[49m[43m,[49m[43m [49m[38;5;241;43m*[39;49m[38;5;241;43m*[39;49m[43mkwargs[49m[43m)[49m

File [1;32m~\AppData\Local\Programs\Python\Python312\Lib\site-packages\azure\search\documents\_generated\_serialization.py:622[0m, in [0;36mSerializer._serialize[1;34m(self, target_obj, data_type, **kwargs)[0m
[0;32m    621[0m kwargs[[38;5;124m"[39m[38;5;124mserialization_ctxt[39m[38;5;124m"[39m] [38;5;241m=[39m attr_desc
[1;32m--> 622[0m new_attr [38;5;241m=[39m [38;5;28;43mself[39;49m[38;5;241;43m.[39;49m[43mserialize_data[49m[43m([49m[43morig_attr[49m[43m,[49m[43m [49m[43mattr_desc[49m[43m[[49m[38;5;124;43m"[39;49m[38;5;124;43mtype[39;49m[38;5;124;43m"[39;49m[43m][49m[43m,[49m[43m [49m[38;5;241;43m*[39;49m[38;5;241;43m*[39;49m[43mkwargs[49m[43m)[49m
[0;32m    624[0m [38;5;28;01mif[39;00m is_xml_model_serialization:

File [1;32m~\AppData\Local\Programs\Python\Python312\Lib\site-packages\azure\search\documents\_generated\_serialization.py:829[0m, in [0;36mSerializer.serialize_data[1;34m(self, data, data_type, **kwargs)[0m
[0;32m    828[0m     msg [38;5;241m=[39m [38;5;124m"[39m[38;5;124mUnable to serialize value: [39m[38;5;132;01m{!r}[39;00m[38;5;124m as type: [39m[38;5;132;01m{!r}[39;00m[38;5;124m.[39m[38;5;124m"[39m
[1;32m--> 829[0m     [38;5;28;01mraise[39;00m SerializationError(msg[38;5;241m.[39mformat(data, data_type)) [38;5;28;01mfrom[39;00m [38;5;21;01merr[39;00m
[0;32m    830[0m [38;5;28;01melse[39;00m:

[1;31mSerializationError[0m: Unable to serialize value: [[0.019998642, -0.01300538, -0.013909981, -0.032064628, -0.022267101, 0.0204579, 0.00045012598, -0.009853193, -0.022086183, -0.00672884, 0.010806503, 0.005528504, -0.013659475, 0.0024215474, 0.007115035, 0.015461719, 0.015406051, -0.015600888, -0.0071950573, -0.020666653, -0.017604927, -0.0069062808, 0.011377097, 0.00029943165, 0.008009198, -0.014557118, -0.0032113336, -0.007918738, 0.00418204, -0.015016377, 0.02950391, 0.004481254, -0.024465978, -0.021195497, 0.013645559, 0.011467557, 0.0065166065, -0.002823399, -0.011112676, -0.028919399, 0.020485735, 0.019762052, 0.0086841695, -0.0019135791, -0.005246686, 0.01182244, -0.022907281, -0.018495612, -0.014160485, 0.012232989, -0.0039524105, 0.0075847316, -0.02928124, 0.0012751395, 0.014417948, 0.009512228, -0.012594829, -0.005824239, 0.014306613, -0.022670694, 0.021626923, -0.005949491, -0.01805027, -0.0033852954, -0.030617265, 0.003068685, -0.006391354, 0.022308853, -0.0029625683, -0.013951731, 0.019414129, 0.029782249, -0.0119964015, -0.0016108856, 0.020082142, -0.026497852, -0.014751955, -0.022990784, 0.024632981, 0.009825359, 0.012260823, -7.5727716e-05, -0.037353065, 0.015030294, 0.012170363, 0.0028251386, 0.03654588, 0.016602907, -0.015433885, -0.020833658, 0.007438604, 0.004756114, 0.020304814, 0.010535123, -0.0060225553, 0.019901222, -0.0030495492, 0.023477875, 0.0065548783, -0.0068888846, -0.017855432, 0.02354746, -0.019984724, -0.0170065, -0.024758235, -0.026386516, 0.0096444385, 0.0019118395, 0.024326809, -0.0025433206, -0.046760913, 0.006805383, -0.010883046, -0.009630522, -0.01068125, -0.00972794, 0.03122961, -0.020068226, -0.022169683, 0.0033887746, 0.019428046, 0.009672272, 0.034207836, -0.009310432, 0.00827362, -0.00021560382, -0.008377997, -0.010688209, 0.014891124, -0.043699186, 0.03849425, 0.021432085, -0.01614365, 0.0104446625, -0.022489773, 0.020666653, -0.009275639, 0.023450041, 0.0033731181, 0.010096739, 0.015294716, 0.023213454, 0.009073844, -0.011738937, -0.00145432, 0.031591453, 0.0019466318, -0.009129512, -0.011711104, 0.0017196117, 0.0051075164, 0.0034757555, -0.015266881, 0.0046656537, 0.019080123, -0.01254612, -0.0013351563, 0.0074803545, -0.0035575174, -0.025133992, 0.006179121, 0.009887985, -0.0053615007, -0.00026116005, -0.022211434, 0.012309533, 0.03532119, -0.015419968, -5.180798e-05, 0.010208075, -0.013562057, -0.0005436304, -0.009908861, 0.023213454, 0.010736918, 0.021752175, 0.007904821, -0.022879448, -0.008322329, -0.020972827, 0.027889546, -0.004860491, -0.012504369, 6.219132e-05, -0.012699206, -0.0025085283, 0.028696727, 0.008691128, -0.018008519, -0.0002533318, 0.005260603, 0.012921877, 0.009707064, -0.0026024675, -0.64797264, -0.018398194, 0.0025624563, -0.029253405, 0.020263063, 0.014598869, 0.02250369, 0.035516027, -0.022308853, 0.035349023, 0.010569915, 0.0052258107, -0.029670913, -0.02936474, 0.00028203547, -0.033038814, 0.011801564, 0.0023154307, -0.02041615, -0.001263832, 0.0041159345, 0.010054988, -0.0142926965, -0.0015691349, 0.0104446625, -0.015893145, 0.0017952851, -0.027973047, -0.00067584135, 0.020471817, 0.0021292916, 0.024493812, 0.0076264823, -0.008050949, 0.037019055, -0.0116763115, -0.026400432, 0.027040612, -0.013429846, 0.03732523, -0.025175743, 0.016658576, 0.02326912, 0.010688209, -0.018328609, 0.00012264302, 0.0058590313, 0.00672884, -0.0038897844, 0.0076125655, 0.020402232, -0.008962508, -0.011947691, 0.003959369, 0.017660595, -0.007038492, 0.004373398, -0.03295531, 0.0007906561, 0.022016598, -0.00017265702, 0.01168327, -0.052884366, -0.018439943, -0.023380456, 0.018426027, -0.036935557, -0.00087763695, 0.005796405, 0.00091503875, 0.03309448, -0.0050901202, -0.008670253, 0.016588992, -0.012643538, 0.023964968, 0.0052710404, -0.008050949, 0.0113005545, -0.020165645, -0.00095765933, 0.0017317891, -0.017771931, -0.02655352, 0.025426246, 0.018161604, -0.025175743, -0.010653417, 0.0035175062, 0.0052988743, 0.053580213, 0.037380897, 0.0062765395, -0.016936915, -0.01727092, 0.019163625, 0.0054971906, 0.0075568976, -0.00791178, 0.0053162705, -0.0153086325, -0.0096444385, -0.002245846, 0.00012775316, 0.017479675, 0.004213353, -0.018968787, -0.011077884, 0.019664634, -0.0012168624, 0.002840795, 0.0010959589, -0.002950391, -0.00818316, 0.015127712, -0.024104137, 0.016644659, 0.021613006, -0.02422939, 0.0029173382, 0.024646899, -0.005977325, 0.022127932, -0.026024675, 0.016338486, 0.019803803, 0.011196177, -0.012754874, -0.0071185143, -0.027332868, -0.029336907, -0.023617044, -0.020847574, -0.017994601, 0.018036352, -0.013311552, 0.00053841155, -0.010472496, -0.0007419468, -0.016171483, -0.023658795, -0.01400044, 0.0108204195, -0.037158225, -0.015893145, -0.008440623, 0.005615485, 0.019205375, -0.0068436544, -0.02340829, 0.0055215457, 0.006151287, -0.01400044, 0.023575295, 0.019400213, -0.004776989, -0.015670473, -0.03223163, -0.014571035, -0.012650497, 0.019288877, -0.0018509529, -0.032342967, 0.00036792905, 0.0118363565, -0.008837256, -0.011815481, 0.0096444385, -0.02354746, -0.019066205, -0.016074065, 0.00020560103, -0.009512228, 0.0050901202, -0.004463858, -0.01773018, -0.0068262583, 0.015948812, 0.018426027, 0.005615485, -0.0018196397, 0.020430066, -0.015559138, -0.0029590891, 0.0064678974, 0.025008738, 0.022434106, 0.03637888, 0.002372838, -0.0024006718, -0.0071185143, 0.023519626, 0.015600888, 0.0032026356, -0.014724121, 0.018036352, -0.01636632, 0.024340726, 0.0019118395, 0.006600108, 0.022587191, -0.001663944, 0.029837916, -0.028348804, -0.012831418, -0.022601109, 0.0054206476, -0.036991224, 0.019024456, 0.01123097, 0.01923321, -0.017326588, 0.010945672, -0.029086402, 0.018523445, 0.010667333, 0.023171702, -0.010430746, -0.031313114, 0.017340505, 0.027416369, 0.00782132, 0.03832725, -0.012727041, -0.026261263, 0.002254544, 0.026790107, 0.026567437, 0.019344544, -0.00023202146, -0.0062939357, 0.009720982, 0.022225352, 0.011244887, 0.036128372, -0.00010367032, 0.018161604, -0.013381137, 0.0043525225, -0.0044395034, 0.017994601, 0.016491571, 0.025273161, -0.0037123433, 0.018940954, 0.011077884, 0.026122093, 0.007515147, -0.032342967, -0.014445783, -0.025607167, -0.00044512458, -0.023296956, -0.009553978, 0.0027033654, 0.02445206, 0.0026042073, 0.016352404, 0.0025537582, 0.005427606, 0.014863291, 0.025899423, 0.015266881, -0.0049753054, -0.009651397, -0.0018944433, -0.018245107, -0.009978445, 0.012393034, -0.001209034, 0.009261723, -0.0046099857, 0.022809863, 0.0028286178, 0.008259703, 0.02168259, -0.01786935, -0.0053058327, 0.006624463, 0.012135571, -0.017062167, -0.02326912, 0.024340726, 0.005406731, -0.0041159345, -0.020666653, -0.0035157667, 0.020374399, -0.020388315, 0.024716483, 0.018314691, 0.010994381, -0.023032533, 0.011578893, -0.007121993, -0.0014421428, 0.032175962, -0.0011951171, -0.0010420308, 0.011377097, -0.0075847316, -0.00043686142, -0.018342525, -0.007709984, 0.050880328, 0.005309312, -0.0048674494, -0.019149708, -0.013450721, -0.05591826, -0.0014804143, -0.022072265, -0.01813377, -0.01300538, 0.018147688, -0.024813902, -0.023617044, -0.0068019037, 0.013687309, 0.016588992, 0.009755774, -0.023630962, -0.004387315, 0.013158466, 0.07776786, 0.012038152, -1.2557863e-05, 0.010834337, -0.017507508, -0.029587412, -0.006300894, -0.024758235, 0.022100098, -0.011036132, 0.004996181, 0.0054971906, 0.01091088, -0.0001484111, 0.0075568976, -0.016380237, 0.0067531946, -0.009414809, -0.0133324275, -0.009602687, 0.017618844, 0.016449822, -0.010354202, 0.022976866, 0.034486175, 0.023756213, 0.02795913, 0.03387383, -0.015127712, -0.012288657, -0.016115814, -0.02049965, 0.0073551023, 0.028808063, -0.037436564, 0.032649137, 0.012984504, 0.03000492, 0.017020416, -0.005445002, 0.0002413719, 0.0039315354, 0.0027346786, -0.036796387, 0.031758454, 0.0012316491, -0.010493372, 0.041695148, 0.029782249, -0.01013849, -0.0037784488, 0.007904821, -0.022698527, -0.001218602, -0.001204685, -0.004432545, 0.0061930376, -0.0076125655, -0.008913799, -0.07047538, -0.028975066, 0.0069932616, 0.016129732, -0.0044395034, -0.013074964, -0.021028494, -0.022239268, -0.024619065, -0.024521645, 0.0023763173, 0.027736459, -0.025022656, -0.03682422, 0.033038814, 0.03365116, -0.0021901783, 0.010959589, 0.024493812, -0.008551959, -0.016839495, -0.012838376, -0.0064713764, 0.021877429, -0.023964968, 0.0036253626, 0.00062278303, -0.023074284, 0.005006619, -0.0014882426, 0.018036352, -0.003308752, -0.0067566736, 0.0146684535, -0.00154565, 0.027555538, 0.013694268, 0.013889105, 0.014807623, 0.021390336, -0.016115814, 0.009039052, -0.036211874, -0.019330628, -0.0073620607, -0.018843535, 0.020680571, -0.0002705105, -0.0028808063, 0.005013577, 0.0011168343, 0.025593251, -0.012337366, 0.0021205936, -0.008816381, -0.0036392794, 0.0036879887, 0.010848254, 0.007925697, -0.004105497, -0.0013525524, 0.009992362, -0.023143869, 0.007605607, -0.006537482, -0.01695083, 0.024716483, 0.00016178441, -0.029336907, -0.014237029, 0.007104597, -0.026372598, 0.011905941, -0.016060147, -0.0018526925, -0.008767671, -0.012608746, -0.0143483635, -0.0017918058, 0.013582932, -0.014216153, -0.011077884, -0.0010942193, -0.007619524, -0.03086777, -0.005027494, -0.027235448, -0.030394593, 0.010430746, 0.00272772, 0.001418658, -0.00404635, 0.013903022, -0.027764292, -0.016421989, -0.01805027, -0.016978664, -0.016978664, 0.0023032534, 0.03863342, 0.03231513, 0.014056108, -0.005246686, 0.028529724, -0.013422888, 0.0010968287, -0.012573954, -0.004846574, -0.02122333, 0.011425807, -0.008294496, 0.027694708, -0.003004319, 0.013680351, 0.012142529, 0.011314471, 0.050379317, -0.0017665814, -0.044562038, -0.013450721, -0.04767943, 0.004585631, -0.012121653, 0.003618404, 0.026664855, -0.044868212, 0.025802005, 0.010472496, -0.006478335, 0.010235908, -0.00814141, 0.01150235, 0.0018126813, 0.004004599, 0.020151727, -0.00077369483, -0.002654656, -0.006255664, -0.04442287, 0.012045111, -0.00028377507, 0.022823779, -0.02354746, 0.001654376, 0.0013647298, 0.011620644, 0.019998642, -0.022016598, 2.82416e-05, -0.009150387, 0.010855212, -0.0017935454, 0.0011003079, -0.017563177, 0.025036573, 0.016797746, -0.004185519, -0.0032878767, 0.01668641, -0.03242647, -0.007870029, 0.021807844, -0.017994601, 0.013360261, 0.012031194, 0.03281614, 0.030784268, 0.017048249, -0.0075290636, 0.0061860792, -0.01550347, 0.018314691, 0.021849593, 0.039746776, -0.023102118, -0.020249145, -0.0020527486, -0.005806843, -0.004244666, -0.009908861, 0.0021971366, -0.005577213, 0.021237249, -0.010667333, -0.010027154, -0.03365116, 0.027332868, 0.011182261, 0.016157566, -0.010375078, 0.007696067, -0.009386975, 0.0409993, -0.014007399, 0.017368339, 0.008475415, -0.011843314, -0.010827378, -0.008510208, -0.02159909, -0.0005705945, -0.009943653, -0.0024980905, -0.00445342, 0.0023884946, 0.02777821, 0.014696287, -0.0014664974, -0.0060295137, 0.0059738457, 0.02832097, 0.01714567, -0.010075863, -0.012003359, -0.017855432, 0.022768112, 0.001859651, -0.0050483695, 0.015893145, 0.014543201, -0.019789888, 0.036072705, 0.020346565, -0.031480115, -0.017827598, 0.0018039832, -0.015447802, -0.03337282, -0.024131972, 0.014849373, -0.03732523, -0.037937574, -0.014007399, 0.0062939357, 0.018815702, -0.0051701427, -0.014751955, 0.014139609, 0.03209246, -0.005451961, 0.02731895, 0.008837256, 0.01636632, -0.025885506, 0.026887525, -0.003018236, -0.027792126, 0.014417948, 0.0023015137, -0.028668894, -0.024702566, 0.011759813, 0.0019135791, -0.0052501652, -0.0063739577, 0.014529284, 0.036017038, 0.010159365, 0.007278559, -0.011439724, 0.019219292, -0.019622883, -0.026943194, 0.0221836, -0.0072298497, -0.000256811, -0.0026163845, 0.025802005, 0.021111997, 0.016171483, -0.03381816, 0.017451841, -0.001104657, 0.00054623984, -0.005117954, 0.0032704805, 0.012747915, -0.021974847, 0.024563396, 0.02095891, -0.009567895, 0.00782132, 0.012692248, 0.015072045, 0.00054710964, -0.017340505, 0.010931755, -0.037714902, -0.031313114, 0.0009341745, -0.00504489, -0.009867109, 0.01931671, 0.005660715, -0.024354642, -0.037520066, 0.004223791, -0.009887985, 0.016129732, 0.0010646458, 0.014056108, 0.01786935, 0.0039037012, -0.0036427588, 0.0044847336, -0.028474057, 0.015266881, -0.0056224433, 0.0021258125, -0.018620864, -0.012086861, -0.0022354082, -0.025996841, -0.011857232, 0.0030530284, -0.007083722, -0.014863291, 0.0123721585, 0.0143483635, 0.0010811721, -0.028975066, -0.009331307, 0.0013560317, 0.03804891, 0.0063078525, 0.020986743, -0.047206257, -0.0064261463, 0.010528164, -0.003127832, -0.02454948, 0.03095127, 0.014835456, -0.00011666309, 0.0079883225, -0.005309312, 0.0007850023, -0.012135571, 0.009588771, -0.0153086325, -0.010562956, -0.017994601, 0.0056085265, 0.01682558, -0.013624683, -0.009303474, 0.024841735, -0.004070705, -0.00795353, 0.027806044, -0.024271142, -0.0037923658, -0.019344544, -0.004373398, 0.0051701427, -0.005692028, -0.010284618, -0.001209034, -0.021000661, -0.011627602, -0.0034496612, 0.0081483675, -0.015266881, -0.013784728, -0.02304645, -0.004140289, -0.0067462362, -0.01813377, -0.015586971, -0.01195465, 0.025008738, -0.014181361, -0.03014409, -0.011070925, 0.017688429, -0.012845335, 0.02601076, 0.20530269, 0.0062974147, 2.9790946e-05, 0.042669334, 0.007014137, -0.021807844, 0.027833877, -0.0066522965, 0.009052969, 0.012873168, 0.015239048, 0.030311093, -0.0014238768, -0.0058033634, -0.009491352, -0.008712004, -0.04258583, 0.013450721, -0.01781368, 0.018843535, 0.016672492, 0.00831537, -0.0042968546, -0.018119855, 0.012810542, 0.0071393894, -0.009011217, 0.0071533066, 0.014501451, 0.007473396, -0.008851173, -0.012838376, 0.01163456, 0.027889546, 0.032064628, -0.025509749, 0.03295531, -0.026971027, 0.024298975, -0.009331307, -0.020624904, 0.0096444385, -0.007939613, 0.0018735678, -0.01300538, 0.0033400652, -0.0024389436, -0.027235448, 0.003795845, 0.021473836, -0.011126593, 0.009623563, 0.035070684, 0.004700446, -0.008106617, 0.0029921418, 0.005577213, 0.003976765, -0.0016308912, 0.0018300775, 0.012142529, 0.029587412, -0.009999321, 0.0006132151, -0.004328168, -0.011725021, 0.0027190219, -0.0170065, 0.0071672234, -0.0060782228, 0.017020416, -0.020972827, -0.012017276, 0.0003522725, -0.013054089, -0.009247806, -0.029225571, 0.019650718, 0.009296515, 0.02063882, -0.0008215343, -0.0045612766, -0.014195277, 0.008336246, 0.008649377, -0.005368459, 0.021891344, -0.003522725, 0.012295615, -0.00043707885, -0.016394153, 0.013200216, -0.027680792, -0.01722917, -0.002899942, 0.009720982, 0.0061617247, 0.03846642, -0.0019240167, -0.020708404, -0.019817721, 0.06685697, 0.0029677872, 0.016254984, -0.008120534, 0.0017674512, -0.010479455, 0.019929057, -0.013102798, -0.009922777, 0.025941174, -0.048069105, -0.009714023, 0.007647358, 0.0061304113, 0.03668505, -0.005187539, -0.015893145, -0.008447582, -0.005034453, 0.014097859, -0.0323708, -0.02122333, -0.012713123, 9.904946e-05, -0.003508808, -0.0018979225, 0.0044951714, -0.029615246, -0.0374644, 0.040303454, 3.560779e-05, 0.019998642, -0.0007280299, 0.0047943853, -0.0150442105, -4.2810894e-05, -0.013471597, 0.0017491853, 0.0013055828, 0.003837596, -0.007073284, 0.0034896724, 0.008732879, 0.014125693, -0.03445834, 0.019762052, -0.014160485, 0.0048674494, -0.0011907681, 0.0006210434, -0.014063067, 0.015670473, -0.02268461, 0.011481474, -0.013965648, -0.028668894, -0.013534223, 0.00042359682, 0.033177983, -0.018119855, -0.012733999, 0.031897623, -0.0077865273, -0.011286638, 0.0042655417, -0.18014085, 0.029670913, 0.017827598, -0.0053267083, 0.028529724, 0.018481694, 0.024424227, 0.014160485, -0.018286858, 0.0003655371, 0.00836408, -0.0091643045, -0.011335347, -0.02286553, 0.0018196397, -0.0130123375, 0.009373059, 0.025426246, -0.00046752216, 0.0003605357, 0.03122961, -0.0048709284, 0.001986643, -0.0019883825, 0.0013734279, -0.0011959869, -0.024104137, 0.032788306, 0.017827598, 0.00345488, -0.0009533103, 0.005664194, 0.009867109, -0.0010629062, -0.007487313, -0.03259347, -0.005156226, -0.02623343, -0.015433885, 0.0077447766, 0.01327676, 0.011947691, 0.022879448, 0.0067253606, -0.026289098, 0.024034552, 0.03587787, 0.005309312, -0.0043803565, -0.018537363, 0.023964968, -0.010312452, -0.01937238, -0.00056798506, 0.0014812842, -0.0023710984, 0.022795945, -0.013388095, -0.009832317, -0.014584952, -0.002437204, -0.018927036, -0.020221312, -0.0033400652, -0.0077586933, -0.0075290636, -0.013186299, 0.014557118, -0.033706825, 0.020193478, 0.009519186, -0.014007399, 0.010388995, 0.0017430966, 0.019358462, -0.011168343, -0.030979106, 0.011558018, 0.016533323, -0.015656557, 0.0026964068, 0.03122961, -0.0034861933, 0.025941174, 0.008252745, 0.009595729, 0.0006762762, 0.017618844, 0.011669353, 0.014974626, 0.026400432, -0.015280799, 0.00045056088, -0.006760153, 0.009741857, 0.021668674, 0.013283718, 9.8342745e-05, 0.025523666, -7.262902e-05, 0.001577833, 0.004359481, -0.020123893, 0.006102578, 0.037714902, 0.0014856332, -0.0023067326, 0.006902802, 0.028404472, -0.006610546, -0.03877259, 0.0014925917, 0.020610986, -0.0020127373, 0.009282598, 0.02459123, 0.020513568, -0.036657218, -0.006847134, 0.0034618385, 0.030032754, 0.008127492, -0.035265524, -0.017479675, -0.016018396, -0.014960709, -0.08611802, -0.021446003, 0.019288877, 0.0036949473, -0.023742298, 0.01937238, 0.004717842, 0.008440623, -0.02699886, 0.010131531, 0.022044431, -0.02745812, 0.0025746336, -0.0034948913, -0.010702126, -0.004957909, -0.01809202, -0.006241747, -0.006119974, -0.002713803, 0.0025746336, -0.0056259227, -0.0029625683, 0.00073672796, 0.015656557, -0.006419188, -0.0442837, 0.004759593, 0.021654757, -0.007292476, 0.034764513, -0.025899423, -0.01554522, -0.023533544, 0.0030704245, 0.007087201, -0.03373466, -0.03086777, -0.00064626784, -0.014404031, -0.010514247, -0.004846574, 0.0084684575, -0.03415217, -0.010611665, -0.013763852, -0.01786935, 0.0029991004, 0.011279679, -0.015099878, -0.012114695, -0.007939613, -0.03459751, -0.02077799, 0.01727092, 0.009574854, -0.0009646178, 0.026344765, -0.018885287, -0.007369019, -0.004596069, 0.0013699486, -0.02667877, 0.01600448, 0.022155767, 0.013909981, -0.019024456, -0.0002021218, -0.005131871, -0.03618404, 0.0024998302, 0.01596273, -0.03813241, -0.0010046291, -0.037213895, -0.0077378177, 0.016018396, -0.008419747, 0.016797746, -0.0034861933, 0.008009198, 0.0019762053, -0.017159585, -0.009122553, 0.0006097359, 0.0028581913, -0.0134368045, 0.022893364, 0.02364488, -0.03832725, 0.014696287, 0.014612786, 0.009435684, -0.0022788986, 0.0045438805, 0.022656776, -0.0131723825, -0.009491352, -0.018927036, 0.014946792, -0.020471817, 0.025300995, -0.073592775, 0.017215254, -0.010249825, 0.0098044835, 0.0022528043, -0.009574854, 0.00513883, -0.024953071, 0.012121653, 0.0036740717, -0.022475855, 0.014404031, -0.0119964015, 0.012406951, -0.033038814, 0.00031247878, 0.016519407, -0.018760033, 0.024340726, 0.005946012, -0.017034333, -0.02541233, 0.011808522, 0.009616605, -0.0042759795, 0.03028326, 0.0018074624, 0.006377437, -0.008997301, -0.011585851, -0.010827378, -0.041333307, -0.01300538, 0.04258583, -0.02468865, -0.014584952, -0.0056885486, 0.00536498, 0.012740958, 0.020346565, -0.015127712, -0.0006567055, -0.0038167203, -0.0179111, -0.019608967, 0.0037540942, -0.012038152, -0.011112676, 0.011342305, -0.00084806344, 0.02358921, 0.005511108, -0.031257443, -0.007960489, 0.021028494, -0.011286638, 0.0010089781, 0.001082042, 0.0055076284, 0.007890904, 0.013318511, 0.006721881, 0.016449822, -0.00092460663, 0.013784728, 0.021654757, 0.013374178, 0.028334888, 0.0062313094, -0.0358222, -0.021585172, 0.008336246, 0.025064407, 0.017632762, 0.010235908, -0.0016709025, 0.012650497, -0.003240907, -0.0017387476, 0.015614805, -0.0077934857, -0.00268249, -0.027694708, 0.034096498, 0.021209415, -0.011349264, -0.014598869, 0.019567216, 0.0003764097, -0.0009872329, -0.0052397274, 0.015586971, -0.0050100978, -0.016978664, -0.0028964628, -0.020986743, -0.011926817, 0.028390555, 0.026191678, 0.006224351, 0.010194157, 0.013715143, -0.006721881, -0.020694489, -0.04701142, 0.019344544, 0.012497411, -0.033929497, -0.0033818162, 0.032760475, -0.020847574, 0.0019100999, 0.016087981, 0.011787647, -0.01991514, 0.004213353, -0.027416369, -0.030422429, -0.027652957, 0.013951731, 0.0123721585, 0.014076984, -0.009400892, -0.003018236, 0.010472496, 0.006704485, 0.018147688, -0.029225571, -0.0034705366, 0.021933096, -0.011446682, -0.030784268, -0.004477775, -0.00668361, -0.015753975, 0.0040080785, 0.008238828, 0.0074038114, -0.01277575, 0.0835573, 0.025718503, -0.0106603755, -0.0025485393, -0.008614585, 0.022294937, -0.008343205, 0.0059982007, -0.017354423, -0.04308684, 0.021042412, -0.027221533, 0.0062382678, 0.0028494932, -0.013923897, -0.006415709, -0.020944992, 0.021835677, -0.0020196957, 0.0011655436, -0.0020927596, -0.008510208, -0.0048952834, 0.00022267102, -0.010625583, 0.006015597, 0.016561156, -0.04021995, -0.011745896, -0.033706825, 0.0025207056, 0.0010959589, -0.020346565, -0.027750377, -0.0069619487, 0.0027833877, 0.0029573494, 0.00090981985, 0.03418, 0.017215254, 0.007946572, -0.0030217152, -0.017048249, -0.022990784, -0.022823779, 0.009755774, 0.0012012058, -0.0138125615, -0.020346565]] as type: '[float]'.

The above exception was the direct cause of the following exception:

[1;31mSerializationError[0m                        Traceback (most recent call last)
Cell [1;32mIn[10], line 4[0m
[0;32m      1[0m prefix [38;5;241m=[39m openai_prefix [38;5;66;03m#TODO: Replace the prefix with a relevant name given your embedding model[39;00m
[0;32m      2[0m index_name [38;5;241m=[39m [38;5;124mf[39m[38;5;124m"[39m[38;5;132;01m{[39;00mopenai_prefix[38;5;132;01m}[39;00m[38;5;124m-[39m[38;5;132;01m{[39;00mtotalNumberOfDocuments[38;5;132;01m}[39;00m[38;5;124m-[39m[38;5;132;01m{[39;00mchunking_size[38;5;132;01m}[39;00m[38;5;124m-[39m[38;5;132;01m{[39;00mchunking_overlap[38;5;132;01m}[39;00m[38;5;124m"[39m
[1;32m----> 4[0m [38;5;28mprint[39m([43mretrieval_evaluation[49m[43m([49m[43mevaluation_data_path[49m[38;5;241;43m=[39;49m[43mpath_to_evaulation_dataset[49m[43m,[49m[43m [49m[43membedding_function[49m[38;5;241;43m=[39;49m[43mget_query_embedding[49m[43m,[49m[43m [49m[43msearch_index_name[49m[38;5;241;43m=[39;49m[43mindex_name[49m[43m)[49m)

Cell [1;32mIn[8], line 18[0m, in [0;36mretrieval_evaluation[1;34m(evaluation_data_path, embedding_function, search_index_name)[0m
[0;32m     15[0m user_prompt [38;5;241m=[39m data[[38;5;124m"[39m[38;5;124muser_prompt[39m[38;5;124m"[39m]
[0;32m     16[0m source [38;5;241m=[39m data[[38;5;124m"[39m[38;5;124msource[39m[38;5;124m"[39m]
[1;32m---> 18[0m search_response [38;5;241m=[39m [43msearch_documents[49m[43m([49m[43msearch_index_name[49m[43m [49m[38;5;241;43m=[39;49m[43m [49m[43msearch_index_name[49m[43m,[49m[43m [49m[38;5;28;43minput[39;49m[38;5;241;43m=[39;49m[43muser_prompt[49m[43m,[49m[43m [49m[43membedding_function[49m[38;5;241;43m=[39;49m[43m [49m[43membedding_function[49m[43m)[49m
[0;32m     19[0m sources [38;5;241m=[39m [response[[38;5;124m"[39m[38;5;124msource[39m[38;5;124m"[39m] [38;5;28;01mfor[39;00m response [38;5;129;01min[39;00m search_response]
[0;32m     20[0m [38;5;28;01mif[39;00m source [38;5;129;01min[39;00m sources:

File [1;32m~\AppData\Local\Temp\ipykernel_29396\2027072678.py:18[0m, in [0;36msearch_documents[1;34m(search_index_name, input, embedding_function)[0m
[0;32m     15[0m [38;5;66;03m# print_results(results)[39;00m
[0;32m     17[0m documents [38;5;241m=[39m []
[1;32m---> 18[0m [43m[49m[38;5;28;43;01mfor[39;49;00m[43m [49m[43mdocument[49m[43m [49m[38;5;129;43;01min[39;49;00m[43m [49m[43mresults[49m[43m:[49m
[0;32m     19[0m [43m    [49m[43mitem[49m[43m [49m[38;5;241;43m=[39;49m[43m [49m[43m{[49m[43m}[49m
[0;32m     20[0m [43m    [49m[43mitem[49m[43m[[49m[38;5;124;43m"[39;49m[38;5;124;43mchunkContent[39;49m[38;5;124;43m"[39;49m[43m][49m[43m [49m[38;5;241;43m=[39;49m[43m [49m[43mdocument[49m[43m[[49m[38;5;124;43m"[39;49m[38;5;124;43mchunkContent[39;49m[38;5;124;43m"[39;49m[43m][49m

File [1;32m~\AppData\Local\Programs\Python\Python312\Lib\site-packages\azure\search\documents\_paging.py:54[0m, in [0;36mSearchItemPaged.__next__[1;34m(self)[0m
[0;32m     52[0m     first_iterator [38;5;241m=[39m [38;5;28mself[39m[38;5;241m.[39m_first_iterator_instance()
[0;32m     53[0m     [38;5;28mself[39m[38;5;241m.[39m_page_iterator [38;5;241m=[39m itertools[38;5;241m.[39mchain[38;5;241m.[39mfrom_iterable(first_iterator)
[1;32m---> 54[0m [38;5;28;01mreturn[39;00m [38;5;28;43mnext[39;49m[43m([49m[38;5;28;43mself[39;49m[38;5;241;43m.[39;49m[43m_page_iterator[49m[43m)[49m

File [1;32m~\AppData\Local\Programs\Python\Python312\Lib\site-packages\azure\core\paging.py:75[0m, in [0;36mPageIterator.__next__[1;34m(self)[0m
[0;32m     73[0m     [38;5;28;01mraise[39;00m [38;5;167;01mStopIteration[39;00m([38;5;124m"[39m[38;5;124mEnd of paging[39m[38;5;124m"[39m)
[0;32m     74[0m [38;5;28;01mtry[39;00m:
[1;32m---> 75[0m     [38;5;28mself[39m[38;5;241m.[39m_response [38;5;241m=[39m [38;5;28;43mself[39;49m[38;5;241;43m.[39;49m[43m_get_next[49m[43m([49m[38;5;28;43mself[39;49m[38;5;241;43m.[39;49m[43mcontinuation_token[49m[43m)[49m
[0;32m     76[0m [38;5;28;01mexcept[39;00m AzureError [38;5;28;01mas[39;00m error:
[0;32m     77[0m     [38;5;28;01mif[39;00m [38;5;129;01mnot[39;00m error[38;5;241m.[39mcontinuation_token:

File [1;32m~\AppData\Local\Programs\Python\Python312\Lib\site-packages\azure\search\documents\_paging.py:124[0m, in [0;36mSearchPageIterator._get_next_cb[1;34m(self, continuation_token)[0m
[0;32m    122[0m [38;5;28;01mdef[39;00m [38;5;21m_get_next_cb[39m([38;5;28mself[39m, continuation_token):
[0;32m    123[0m     [38;5;28;01mif[39;00m continuation_token [38;5;129;01mis[39;00m [38;5;28;01mNone[39;00m:
[1;32m--> 124[0m         [38;5;28;01mreturn[39;00m [38;5;28;43mself[39;49m[38;5;241;43m.[39;49m[43m_client[49m[38;5;241;43m.[39;49m[43mdocuments[49m[38;5;241;43m.[39;49m[43msearch_post[49m[43m([49m[43msearch_request[49m[38;5;241;43m=[39;49m[38;5;28;43mself[39;49m[38;5;241;43m.[39;49m[43m_initial_query[49m[38;5;241;43m.[39;49m[43mrequest[49m[43m,[49m[43m [49m[38;5;241;43m*[39;49m[38;5;241;43m*[39;49m[38;5;28;43mself[39;49m[38;5;241;43m.[39;49m[43m_kwargs[49m[43m)[49m
[0;32m    126[0m     _next_link, next_page_request [38;5;241m=[39m unpack_continuation_token(continuation_token)
[0;32m    128[0m     [38;5;28;01mreturn[39;00m [38;5;28mself[39m[38;5;241m.[39m_client[38;5;241m.[39mdocuments[38;5;241m.[39msearch_post(search_request[38;5;241m=[39mnext_page_request, [38;5;241m*[39m[38;5;241m*[39m[38;5;28mself[39m[38;5;241m.[39m_kwargs)

File [1;32m~\AppData\Local\Programs\Python\Python312\Lib\site-packages\azure\core\tracing\decorator.py:78[0m, in [0;36mdistributed_trace.<locals>.decorator.<locals>.wrapper_use_tracer[1;34m(*args, **kwargs)[0m
[0;32m     76[0m span_impl_type [38;5;241m=[39m settings[38;5;241m.[39mtracing_implementation()
[0;32m     77[0m [38;5;28;01mif[39;00m span_impl_type [38;5;129;01mis[39;00m [38;5;28;01mNone[39;00m:
[1;32m---> 78[0m     [38;5;28;01mreturn[39;00m [43mfunc[49m[43m([49m[38;5;241;43m*[39;49m[43margs[49m[43m,[49m[43m [49m[38;5;241;43m*[39;49m[38;5;241;43m*[39;49m[43mkwargs[49m[43m)[49m
[0;32m     80[0m [38;5;66;03m# Merge span is parameter is set, but only if no explicit parent are passed[39;00m
[0;32m     81[0m [38;5;28;01mif[39;00m merge_span [38;5;129;01mand[39;00m [38;5;129;01mnot[39;00m passed_in_parent:

File [1;32m~\AppData\Local\Programs\Python\Python312\Lib\site-packages\azure\search\documents\_generated\operations\_documents_operations.py:728[0m, in [0;36mDocumentsOperations.search_post[1;34m(self, search_request, request_options, **kwargs)[0m
[0;32m    726[0m     _content [38;5;241m=[39m search_request
[0;32m    727[0m [38;5;28;01melse[39;00m:
[1;32m--> 728[0m     _json [38;5;241m=[39m [38;5;28;43mself[39;49m[38;5;241;43m.[39;49m[43m_serialize[49m[38;5;241;43m.[39;49m[43mbody[49m[43m([49m[43msearch_request[49m[43m,[49m[43m [49m[38;5;124;43m"[39;49m[38;5;124;43mSearchRequest[39;49m[38;5;124;43m"[39;49m[43m)[49m
[0;32m    730[0m _request [38;5;241m=[39m build_search_post_request(
[0;32m    731[0m     x_ms_client_request_id[38;5;241m=[39m_x_ms_client_request_id,
[0;32m    732[0m     api_version[38;5;241m=[39mapi_version,
[1;32m   (...)[0m
[0;32m    737[0m     params[38;5;241m=[39m_params,
[0;32m    738[0m )
[0;32m    739[0m _request [38;5;241m=[39m _convert_request(_request)

File [1;32m~\AppData\Local\Programs\Python\Python312\Lib\site-packages\azure\search\documents\_generated\_serialization.py:715[0m, in [0;36mSerializer.body[1;34m(self, data, data_type, **kwargs)[0m
[0;32m    712[0m     [38;5;28;01mexcept[39;00m DeserializationError [38;5;28;01mas[39;00m err:
[0;32m    713[0m         [38;5;28;01mraise[39;00m SerializationError([38;5;124m"[39m[38;5;124mUnable to build a model: [39m[38;5;124m"[39m [38;5;241m+[39m [38;5;28mstr[39m(err)) [38;5;28;01mfrom[39;00m [38;5;21;01merr[39;00m
[1;32m--> 715[0m [38;5;28;01mreturn[39;00m [38;5;28;43mself[39;49m[38;5;241;43m.[39;49m[43m_serialize[49m[43m([49m[43mdata[49m[43m,[49m[43m [49m[43mdata_type[49m[43m,[49m[43m [49m[38;5;241;43m*[39;49m[38;5;241;43m*[39;49m[43mkwargs[49m[43m)[49m

File [1;32m~\AppData\Local\Programs\Python\Python312\Lib\site-packages\azure\search\documents\_generated\_serialization.py:585[0m, in [0;36mSerializer._serialize[1;34m(self, target_obj, data_type, **kwargs)[0m
[0;32m    582[0m class_name [38;5;241m=[39m target_obj[38;5;241m.[39m[38;5;18m__class__[39m[38;5;241m.[39m[38;5;18m__name__[39m
[0;32m    584[0m [38;5;28;01mif[39;00m data_type:
[1;32m--> 585[0m     [38;5;28;01mreturn[39;00m [38;5;28;43mself[39;49m[38;5;241;43m.[39;49m[43mserialize_data[49m[43m([49m[43mtarget_obj[49m[43m,[49m[43m [49m[43mdata_type[49m[43m,[49m[43m [49m[38;5;241;43m*[39;49m[38;5;241;43m*[39;49m[43mkwargs[49m[43m)[49m
[0;32m    587[0m [38;5;28;01mif[39;00m [38;5;129;01mnot[39;00m [38;5;28mhasattr[39m(target_obj, [38;5;124m"[39m[38;5;124m_attribute_map[39m[38;5;124m"[39m):
[0;32m    588[0m     data_type [38;5;241m=[39m [38;5;28mtype[39m(target_obj)[38;5;241m.[39m[38;5;18m__name__[39m

File [1;32m~\AppData\Local\Programs\Python\Python312\Lib\site-packages\azure\search\documents\_generated\_serialization.py:831[0m, in [0;36mSerializer.serialize_data[1;34m(self, data, data_type, **kwargs)[0m
[0;32m    829[0m     [38;5;28;01mraise[39;00m SerializationError(msg[38;5;241m.[39mformat(data, data_type)) [38;5;28;01mfrom[39;00m [38;5;21;01merr[39;00m
[0;32m    830[0m [38;5;28;01melse[39;00m:
[1;32m--> 831[0m     [38;5;28;01mreturn[39;00m [38;5;28;43mself[39;49m[38;5;241;43m.[39;49m[43m_serialize[49m[43m([49m[43mdata[49m[43m,[49m[43m [49m[38;5;241;43m*[39;49m[38;5;241;43m*[39;49m[43mkwargs[49m[43m)[49m

File [1;32m~\AppData\Local\Programs\Python\Python312\Lib\site-packages\azure\search\documents\_generated\_serialization.py:622[0m, in [0;36mSerializer._serialize[1;34m(self, target_obj, data_type, **kwargs)[0m
[0;32m    619[0m     keys [38;5;241m=[39m keys [38;5;28;01mif[39;00m [38;5;28misinstance[39m(keys, [38;5;28mlist[39m) [38;5;28;01melse[39;00m [keys]
[0;32m    621[0m kwargs[[38;5;124m"[39m[38;5;124mserialization_ctxt[39m[38;5;124m"[39m] [38;5;241m=[39m attr_desc
[1;32m--> 622[0m new_attr [38;5;241m=[39m [38;5;28;43mself[39;49m[38;5;241;43m.[39;49m[43mserialize_data[49m[43m([49m[43morig_attr[49m[43m,[49m[43m [49m[43mattr_desc[49m[43m[[49m[38;5;124;43m"[39;49m[38;5;124;43mtype[39;49m[38;5;124;43m"[39;49m[43m][49m[43m,[49m[43m [49m[38;5;241;43m*[39;49m[38;5;241;43m*[39;49m[43mkwargs[49m[43m)[49m
[0;32m    624[0m [38;5;28;01mif[39;00m is_xml_model_serialization:
[0;32m    625[0m     xml_desc [38;5;241m=[39m attr_desc[38;5;241m.[39mget([38;5;124m"[39m[38;5;124mxml[39m[38;5;124m"[39m, {})

File [1;32m~\AppData\Local\Programs\Python\Python312\Lib\site-packages\azure\search\documents\_generated\_serialization.py:829[0m, in [0;36mSerializer.serialize_data[1;34m(self, data, data_type, **kwargs)[0m
[0;32m    827[0m [38;5;28;01mexcept[39;00m ([38;5;167;01mValueError[39;00m, [38;5;167;01mTypeError[39;00m) [38;5;28;01mas[39;00m err:
[0;32m    828[0m     msg [38;5;241m=[39m [38;5;124m"[39m[38;5;124mUnable to serialize value: [39m[38;5;132;01m{!r}[39;00m[38;5;124m as type: [39m[38;5;132;01m{!r}[39;00m[38;5;124m.[39m[38;5;124m"[39m
[1;32m--> 829[0m     [38;5;28;01mraise[39;00m SerializationError(msg[38;5;241m.[39mformat(data, data_type)) [38;5;28;01mfrom[39;00m [38;5;21;01merr[39;00m
[0;32m    830[0m [38;5;28;01melse[39;00m:
[0;32m    831[0m     [38;5;28;01mreturn[39;00m [38;5;28mself[39m[38;5;241m.[39m_serialize(data, [38;5;241m*[39m[38;5;241m*[39mkwargs)

[1;31mSerializationError[0m: Unable to serialize value: [<azure.search.documents._generated.models._models_py3.VectorizedQuery object at 0x0000023F71A1D700>] as type: '[VectorQuery]'.

